{
  "RSpec": {
    "coverage": {
      "/home/amiable-language-1366/tic-tac-toe-rb-online-web-sp-000/lib/tic_tac_toe.rb": [
        1,
        7,
        null,
        null,
        null,
        1,
        null,
        null,
        null,
        null,
        null,
        null,
        null,
        null,
        null,
        1,
        0,
        0,
        0,
        0,
        0,
        null,
        null,
        1,
        7,
        null,
        null,
        1,
        0,
        null,
        null,
        1,
        7,
        7,
        0,
        0,
        null,
        null,
        null,
        1,
        0,
        0,
        0,
        0,
        null,
        null,
        0,
        null,
        null,
        1,
        0,
        0,
        0,
        0,
        null,
        null,
        null,
        1,
        7,
        7,
        7,
        7,
        7,
        null,
        0,
        null,
        0,
        null,
        null,
        1,
        21,
        92,
        92,
        92,
        92,
        92,
        92,
        null,
        92,
        8,
        84,
        4,
        null,
        null,
        9,
        null,
        null,
        1,
        50,
        null,
        null,
        1,
        9,
        4,
        null,
        5,
        null,
        null,
        null,
        1,
        8,
        5,
        null,
        3,
        null,
        null,
        null,
        1,
        3,
        3,
        3,
        null,
        3,
        2,
        1,
        1,
        null,
        null,
        null,
        1,
        12,
        7,
        null,
        null,
        5,
        3,
        3,
        2,
        2,
        null,
        null
      ]
    },
    "timestamp": 1619390186
  }
}
