{
  "RSpec": {
    "coverage": {
      "/home/amiable-language-1366/tic-tac-toe-rb-online-web-sp-000/lib/tic_tac_toe.rb": [
        1,
        13,
        null,
        null,
        null,
        1,
        null,
        null,
        null,
        null,
        null,
        null,
        null,
        null,
        null,
        1,
        13,
        13,
        13,
        13,
        13,
        null,
        null,
        1,
        13,
        null,
        null,
        1,
        13,
        null,
        null,
        1,
        13,
        13,
        0,
        0,
        null,
        null,
        null,
        1,
        0,
        0,
        0,
        0,
        null,
        null,
        0,
        null,
        null,
        1,
        0,
        0,
        0,
        0,
        null,
        null,
        null,
        1,
        13,
        13,
        13,
        13,
        13,
        null,
        0,
        null,
        13,
        null,
        null,
        1,
        39,
        194,
        194,
        194,
        194,
        194,
        194,
        null,
        194,
        14,
        180,
        4,
        null,
        null,
        21,
        null,
        null,
        1,
        77,
        null,
        null,
        1,
        16,
        4,
        null,
        12,
        null,
        null,
        null,
        1,
        14,
        8,
        null,
        6,
        null,
        null,
        null,
        1,
        5,
        5,
        5,
        null,
        5,
        4,
        1,
        1,
        null,
        null,
        null,
        1,
        12,
        13,
        null,
        null,
        12,
        6,
        6,
        6,
        3,
        null,
        null
      ]
    },
    "timestamp": 1619389993
  }
}
